<?xml version="1.0" encoding="UTF-8"?>
<testng-results ignored="0" total="2" passed="2" failed="0" skipped="0">
  <reporter-output>
  </reporter-output>
  <suite started-at="2022-05-22T18:51:07 EDT" name="Default suite" finished-at="2022-05-22T18:52:28 EDT" duration-ms="81134">
    <groups>
    </groups>
    <test started-at="2022-05-22T18:51:07 EDT" name="Default test" finished-at="2022-05-22T18:52:28 EDT" duration-ms="81134">
      <class name="TestsClasses.UploadFileTest2">
        <test-method is-config="true" signature="browserLoading()[pri:0, instance:TestsClasses.UploadFileTest2@2a693f59]" started-at="2022-05-22T18:51:07 EDT" name="browserLoading" finished-at="2022-05-22T18:51:52 EDT" duration-ms="44946" status="PASS">
          <reporter-output>
          </reporter-output>
        </test-method> <!-- browserLoading -->
        <test-method is-config="true" signature="setUp()[pri:0, instance:TestsClasses.UploadFileTest2@2a693f59]" started-at="2022-05-22T18:51:52 EDT" name="setUp" finished-at="2022-05-22T18:51:52 EDT" duration-ms="148" status="PASS">
          <reporter-output>
          </reporter-output>
        </test-method> <!-- setUp -->
        <test-method signature="sampleTest()[pri:0, instance:TestsClasses.UploadFileTest2@2a693f59]" started-at="2022-05-22T18:51:52 EDT" name="sampleTest" finished-at="2022-05-22T18:51:52 EDT" duration-ms="5" status="PASS">
          <reporter-output>
          </reporter-output>
        </test-method> <!-- sampleTest -->
        <test-method signature="addVideoTest()[pri:0, instance:TestsClasses.UploadFileTest2@2a693f59]" started-at="2022-05-22T18:51:52 EDT" name="addVideoTest" finished-at="2022-05-22T18:52:28 EDT" duration-ms="35980" status="PASS">
          <reporter-output>
          </reporter-output>
        </test-method> <!-- addVideoTest -->
        <test-method is-config="true" signature="tearDown()[pri:0, instance:TestsClasses.UploadFileTest2@2a693f59]" started-at="2022-05-22T18:52:28 EDT" name="tearDown" finished-at="2022-05-22T18:52:28 EDT" duration-ms="1" status="PASS">
          <reporter-output>
          </reporter-output>
        </test-method> <!-- tearDown -->
      </class> <!-- TestsClasses.UploadFileTest2 -->
    </test> <!-- Default test -->
  </suite> <!-- Default suite -->
</testng-results>
